kiberwifi-sdk/build/intermediates/manifest_merge_blame_file/release/processReleaseManifest/manifest-merger-blame-release-report.txt
1<?xml version="1.0" encoding="utf-8"?>
2<manifest xmlns:android="http://schemas.android.com/apk/res/android"
3    package="com.kiber.sdk" >
4
5    <uses-sdk android:minSdkVersion="29" />
6
7    <uses-permission android:name="android.permission.ACCESS_WIFI_STATE" />
7-->src\main\AndroidManifest.xml:4:5-76
7-->src\main\AndroidManifest.xml:4:22-73
8    <uses-permission android:name="android.permission.CHANGE_WIFI_STATE" />
8-->src\main\AndroidManifest.xml:5:5-76
8-->src\main\AndroidManifest.xml:5:22-73
9    <uses-permission android:name="android.permission.ACCESS_NETWORK_STATE" />
9-->src\main\AndroidManifest.xml:6:5-79
9-->src\main\AndroidManifest.xml:6:22-76
10    <uses-permission android:name="android.permission.CHANGE_NETWORK_STATE" />
10-->src\main\AndroidManifest.xml:7:5-79
10-->src\main\AndroidManifest.xml:7:22-76
11    <uses-permission android:name="android.permission.INTERNET" />
11-->src\main\AndroidManifest.xml:8:5-67
11-->src\main\AndroidManifest.xml:8:22-64
12    <uses-permission android:name="android.permission.WAKE_LOCK" />
12-->src\main\AndroidManifest.xml:9:5-68
12-->src\main\AndroidManifest.xml:9:22-65
13    <uses-permission android:name="android.permission.REQUEST_IGNORE_BATTERY_OPTIMIZATIONS" />
13-->src\main\AndroidManifest.xml:10:5-95
13-->src\main\AndroidManifest.xml:10:22-92
14    <uses-permission android:name="android.permission.FOREGROUND_SERVICE" />
14-->src\main\AndroidManifest.xml:11:5-77
14-->src\main\AndroidManifest.xml:11:22-74
15    <uses-permission android:name="android.permission.FOREGROUND_SERVICE_CONNECTED_DEVICE" />
15-->src\main\AndroidManifest.xml:12:5-94
15-->src\main\AndroidManifest.xml:12:22-91
16    <uses-permission android:name="android.permission.POST_NOTIFICATIONS" />
16-->src\main\AndroidManifest.xml:13:5-77
16-->src\main\AndroidManifest.xml:13:22-74
17    <uses-permission android:name="android.permission.ACCESS_COARSE_LOCATION" />
17-->src\main\AndroidManifest.xml:14:5-81
17-->src\main\AndroidManifest.xml:14:22-78
18    <uses-permission android:name="android.permission.ACCESS_FINE_LOCATION" />
18-->src\main\AndroidManifest.xml:15:5-79
18-->src\main\AndroidManifest.xml:15:22-76
19    <uses-permission android:name="android.permission.ACCESS_BACKGROUND_LOCATION" />
19-->src\main\AndroidManifest.xml:16:5-85
19-->src\main\AndroidManifest.xml:16:22-82
20    <uses-permission
20-->src\main\AndroidManifest.xml:17:5-95
21        android:name="android.permission.BLUETOOTH"
21-->src\main\AndroidManifest.xml:17:22-65
22        android:maxSdkVersion="30" />
22-->src\main\AndroidManifest.xml:17:66-92
23    <uses-permission
23-->src\main\AndroidManifest.xml:18:5-101
24        android:name="android.permission.BLUETOOTH_ADMIN"
24-->src\main\AndroidManifest.xml:18:22-71
25        android:maxSdkVersion="30" />
25-->src\main\AndroidManifest.xml:18:72-98
26    <uses-permission android:name="android.permission.BLUETOOTH_SCAN" />
26-->src\main\AndroidManifest.xml:19:5-73
26-->src\main\AndroidManifest.xml:19:22-70
27    <uses-permission android:name="android.permission.BLUETOOTH_CONNECT" />
27-->src\main\AndroidManifest.xml:20:5-76
27-->src\main\AndroidManifest.xml:20:22-73
28
29    <application>
29-->src\main\AndroidManifest.xml:22:5-40:19
30        <service
30-->src\main\AndroidManifest.xml:23:9-27:63
31            android:name="com.kiber.sdk.KiberWifiServiceManager"
31-->src\main\AndroidManifest.xml:24:13-65
32            android:enabled="true"
32-->src\main\AndroidManifest.xml:25:13-35
33            android:exported="false"
33-->src\main\AndroidManifest.xml:26:13-37
34            android:foregroundServiceType="connectedDevice" />
34-->src\main\AndroidManifest.xml:27:13-60
35
36        <activity
36-->src\main\AndroidManifest.xml:29:9-31:40
37            android:name="com.kiber.sdk.KiberWifiServiceManager$KiberPermissionProxyActivity"
37-->src\main\AndroidManifest.xml:30:13-94
38            android:exported="false" />
38-->src\main\AndroidManifest.xml:31:13-37
39        <activity
39-->src\main\AndroidManifest.xml:33:9-35:40
40            android:name="com.kiber.sdk.KiberWifiServiceManager$KiberConnectionRefusedDialogActivity"
40-->src\main\AndroidManifest.xml:34:13-102
41            android:exported="false" />
41-->src\main\AndroidManifest.xml:35:13-37
42        <activity
42-->src\main\AndroidManifest.xml:37:9-39:40
43            android:name="com.kiber.sdk.KiberWifiServiceManager$KiberRadioStateDialogActivity"
43-->src\main\AndroidManifest.xml:38:13-95
44            android:exported="false" />
44-->src\main\AndroidManifest.xml:39:13-37
45    </application>
46
47</manifest>